<?xml version="1.0" encoding="UTF-8"?>
<testsuite xmlns:xsi="http://www.w3.org/2001/XMLSchema-instance" xsi:noNamespaceSchemaLocation="https://maven.apache.org/surefire/maven-surefire-plugin/xsd/surefire-test-report-3.0.xsd" version="3.0" name="acmecollege.TestStudent" time="2.472" tests="8" errors="0" skipped="0" failures="0">
  <properties>
[...]
</properties>
  <testcase name="test01_get_students_with_userrole" classname="acmecollege.TestStudent" time="0.35">
    <system-out><![CDATA[&amp#27;[36m             acmecollege.TestStudent | oneTimeSetUp&amp#27;[m]]></system-out>
  </testcase>
  <testcase name="test02_get_student_By_Id_with_userrole" classname="acmecollege.TestStudent" time="0.428"/>
  <testcase name="test03_create_student_adminrole" classname="acmecollege.TestStudent" time="0.74"/>
  <testcase name="test04_create_student_userrole" classname="acmecollege.TestStudent" time="0.266"/>
  <testcase name="test05_update_student_By_Id_with_adminrole" classname="acmecollege.TestStudent" time="0.389"/>
  <testcase name="test06_update_student_By_Id_with_userrole" classname="acmecollege.TestStudent" time="0.08"/>
  <testcase name="test07__delete_student_By_Id_with_userrole" classname="acmecollege.TestStudent" time="0.068"/>
  <testcase name="test08_delete_student_By_Id_with_adminrole" classname="acmecollege.TestStudent" time="0.109"/>
</testsuite>